{"/home/duck/food-recipe/frontend/src/Pages/Users/User.jsx": {"path":"/home/duck/food-recipe/frontend/src/Pages/Users/User.jsx","statementMap":{"0":{"start":{"line":10,"column":19},"end":{"line":25,"column":1}},"1":{"start":{"line":11,"column":14},"end":{"line":11,"column":51}},"2":{"start":{"line":12,"column":21},"end":{"line":12,"column":40}},"3":{"start":{"line":13,"column":19},"end":{"line":13,"column":35}},"4":{"start":{"line":14,"column":22},"end":{"line":14,"column":61}},"5":{"start":{"line":16,"column":2},"end":{"line":19,"column":3}},"6":{"start":{"line":17,"column":26},"end":{"line":17,"column":60}},"7":{"start":{"line":18,"column":4},"end":{"line":18,"column":76}},"8":{"start":{"line":20,"column":2},"end":{"line":22,"column":3}},"9":{"start":{"line":21,"column":4},"end":{"line":21,"column":73}},"10":{"start":{"line":23,"column":21},"end":{"line":23,"column":49}},"11":{"start":{"line":24,"column":2},"end":{"line":24,"column":67}},"12":{"start":{"line":27,"column":13},"end":{"line":173,"column":1}},"13":{"start":{"line":28,"column":17},"end":{"line":28,"column":28}},"14":{"start":{"line":29,"column":19},"end":{"line":29,"column":32}},"15":{"start":{"line":30,"column":26},"end":{"line":30,"column":40}},"16":{"start":{"line":31,"column":32},"end":{"line":31,"column":44}},"17":{"start":{"line":32,"column":32},"end":{"line":32,"column":44}},"18":{"start":{"line":33,"column":32},"end":{"line":33,"column":46}},"19":{"start":{"line":34,"column":28},"end":{"line":34,"column":42}},"20":{"start":{"line":36,"column":2},"end":{"line":58,"column":11}},"21":{"start":{"line":37,"column":22},"end":{"line":55,"column":5}},"22":{"start":{"line":38,"column":6},"end":{"line":38,"column":23}},"23":{"start":{"line":39,"column":6},"end":{"line":39,"column":21}},"24":{"start":{"line":41,"column":6},"end":{"line":54,"column":7}},"25":{"start":{"line":42,"column":29},"end":{"line":42,"column":62}},"26":{"start":{"line":43,"column":8},"end":{"line":43,"column":35}},"27":{"start":{"line":45,"column":32},"end":{"line":45,"column":98}},"28":{"start":{"line":46,"column":8},"end":{"line":46,"column":41}},"29":{"start":{"line":48,"column":32},"end":{"line":48,"column":98}},"30":{"start":{"line":49,"column":8},"end":{"line":49,"column":41}},"31":{"start":{"line":51,"column":8},"end":{"line":51,"column":56}},"32":{"start":{"line":53,"column":8},"end":{"line":53,"column":26}},"33":{"start":{"line":57,"column":4},"end":{"line":57,"column":16}},"34":{"start":{"line":60,"column":28},"end":{"line":62,"column":3}},"35":{"start":{"line":61,"column":4},"end":{"line":61,"column":36}},"36":{"start":{"line":64,"column":2},"end":{"line":70,"column":3}},"37":{"start":{"line":65,"column":4},"end":{"line":69,"column":6}},"38":{"start":{"line":72,"column":2},"end":{"line":78,"column":3}},"39":{"start":{"line":73,"column":4},"end":{"line":77,"column":6}},"40":{"start":{"line":80,"column":2},"end":{"line":82,"column":3}},"41":{"start":{"line":81,"column":4},"end":{"line":81,"column":66}},"42":{"start":{"line":84,"column":19},"end":{"line":151,"column":3}},"43":{"start":{"line":92,"column":14},"end":{"line":115,"column":20}},"44":{"start":{"line":95,"column":31},"end":{"line":95,"column":66}},"45":{"start":{"line":130,"column":14},"end":{"line":143,"column":20}},"46":{"start":{"line":153,"column":2},"end":{"line":172,"column":4}}},"fnMap":{"0":{"name":"(anonymous_0)","decl":{"start":{"line":10,"column":19},"end":{"line":10,"column":20}},"loc":{"start":{"line":10,"column":34},"end":{"line":25,"column":1}},"line":10},"1":{"name":"(anonymous_1)","decl":{"start":{"line":27,"column":13},"end":{"line":27,"column":14}},"loc":{"start":{"line":27,"column":19},"end":{"line":173,"column":1}},"line":27},"2":{"name":"(anonymous_2)","decl":{"start":{"line":36,"column":12},"end":{"line":36,"column":13}},"loc":{"start":{"line":36,"column":18},"end":{"line":58,"column":3}},"line":36},"3":{"name":"(anonymous_3)","decl":{"start":{"line":37,"column":22},"end":{"line":37,"column":23}},"loc":{"start":{"line":37,"column":34},"end":{"line":55,"column":5}},"line":37},"4":{"name":"(anonymous_4)","decl":{"start":{"line":60,"column":28},"end":{"line":60,"column":29}},"loc":{"start":{"line":60,"column":42},"end":{"line":62,"column":3}},"line":60},"5":{"name":"(anonymous_5)","decl":{"start":{"line":91,"column":24},"end":{"line":91,"column":25}},"loc":{"start":{"line":92,"column":14},"end":{"line":115,"column":20}},"line":92},"6":{"name":"(anonymous_6)","decl":{"start":{"line":95,"column":25},"end":{"line":95,"column":26}},"loc":{"start":{"line":95,"column":31},"end":{"line":95,"column":66}},"line":95},"7":{"name":"(anonymous_7)","decl":{"start":{"line":129,"column":24},"end":{"line":129,"column":25}},"loc":{"start":{"line":130,"column":14},"end":{"line":143,"column":20}},"line":130}},"branchMap":{"0":{"loc":{"start":{"line":16,"column":2},"end":{"line":19,"column":3}},"type":"if","locations":[{"start":{"line":16,"column":2},"end":{"line":19,"column":3}},{"start":{},"end":{}}],"line":16},"1":{"loc":{"start":{"line":18,"column":11},"end":{"line":18,"column":75}},"type":"cond-expr","locations":[{"start":{"line":18,"column":32},"end":{"line":18,"column":42}},{"start":{"line":18,"column":45},"end":{"line":18,"column":75}}],"line":18},"2":{"loc":{"start":{"line":20,"column":2},"end":{"line":22,"column":3}},"type":"if","locations":[{"start":{"line":20,"column":2},"end":{"line":22,"column":3}},{"start":{},"end":{}}],"line":20},"3":{"loc":{"start":{"line":21,"column":11},"end":{"line":21,"column":72}},"type":"cond-expr","locations":[{"start":{"line":21,"column":31},"end":{"line":21,"column":43}},{"start":{"line":21,"column":46},"end":{"line":21,"column":72}}],"line":21},"4":{"loc":{"start":{"line":24,"column":9},"end":{"line":24,"column":66}},"type":"cond-expr","locations":[{"start":{"line":24,"column":28},"end":{"line":24,"column":39}},{"start":{"line":24,"column":42},"end":{"line":24,"column":66}}],"line":24},"5":{"loc":{"start":{"line":51,"column":17},"end":{"line":51,"column":54}},"type":"binary-expr","locations":[{"start":{"line":51,"column":17},"end":{"line":51,"column":28}},{"start":{"line":51,"column":32},"end":{"line":51,"column":54}}],"line":51},"6":{"loc":{"start":{"line":64,"column":2},"end":{"line":70,"column":3}},"type":"if","locations":[{"start":{"line":64,"column":2},"end":{"line":70,"column":3}},{"start":{},"end":{}}],"line":64},"7":{"loc":{"start":{"line":72,"column":2},"end":{"line":78,"column":3}},"type":"if","locations":[{"start":{"line":72,"column":2},"end":{"line":78,"column":3}},{"start":{},"end":{}}],"line":72},"8":{"loc":{"start":{"line":80,"column":2},"end":{"line":82,"column":3}},"type":"if","locations":[{"start":{"line":80,"column":2},"end":{"line":82,"column":3}},{"start":{},"end":{}}],"line":80},"9":{"loc":{"start":{"line":90,"column":11},"end":{"line":119,"column":11}},"type":"cond-expr","locations":[{"start":{"line":91,"column":12},"end":{"line":116,"column":14}},{"start":{"line":118,"column":12},"end":{"line":118,"column":50}}],"line":90},"10":{"loc":{"start":{"line":98,"column":23},"end":{"line":98,"column":80}},"type":"binary-expr","locations":[{"start":{"line":98,"column":23},"end":{"line":98,"column":39}},{"start":{"line":98,"column":43},"end":{"line":98,"column":80}}],"line":98},"11":{"loc":{"start":{"line":107,"column":36},"end":{"line":107,"column":61}},"type":"binary-expr","locations":[{"start":{"line":107,"column":36},"end":{"line":107,"column":56}},{"start":{"line":107,"column":60},"end":{"line":107,"column":61}}],"line":107},"12":{"loc":{"start":{"line":111,"column":24},"end":{"line":111,"column":51}},"type":"binary-expr","locations":[{"start":{"line":111,"column":24},"end":{"line":111,"column":46}},{"start":{"line":111,"column":50},"end":{"line":111,"column":51}}],"line":111},"13":{"loc":{"start":{"line":128,"column":11},"end":{"line":147,"column":11}},"type":"cond-expr","locations":[{"start":{"line":129,"column":12},"end":{"line":144,"column":14}},{"start":{"line":146,"column":12},"end":{"line":146,"column":50}}],"line":128},"14":{"loc":{"start":{"line":135,"column":34},"end":{"line":135,"column":52}},"type":"binary-expr","locations":[{"start":{"line":135,"column":34},"end":{"line":135,"column":47}},{"start":{"line":135,"column":51},"end":{"line":135,"column":52}}],"line":135},"15":{"loc":{"start":{"line":142,"column":53},"end":{"line":142,"column":93}},"type":"binary-expr","locations":[{"start":{"line":142,"column":53},"end":{"line":142,"column":67}},{"start":{"line":142,"column":71},"end":{"line":142,"column":93}}],"line":142},"16":{"loc":{"start":{"line":163,"column":43},"end":{"line":163,"column":90}},"type":"binary-expr","locations":[{"start":{"line":163,"column":43},"end":{"line":163,"column":57}},{"start":{"line":163,"column":61},"end":{"line":163,"column":80}},{"start":{"line":163,"column":84},"end":{"line":163,"column":90}}],"line":163},"17":{"loc":{"start":{"line":165,"column":13},"end":{"line":165,"column":60}},"type":"binary-expr","locations":[{"start":{"line":165,"column":13},"end":{"line":165,"column":21}},{"start":{"line":165,"column":25},"end":{"line":165,"column":60}}],"line":165}},"s":{"0":1,"1":2,"2":2,"3":2,"4":2,"5":2,"6":1,"7":1,"8":1,"9":1,"10":0,"11":0,"12":1,"13":13,"14":13,"15":13,"16":13,"17":13,"18":13,"19":13,"20":13,"21":7,"22":7,"23":7,"24":7,"25":7,"26":5,"27":5,"28":5,"29":5,"30":5,"31":1,"32":6,"33":7,"34":13,"35":1,"36":13,"37":7,"38":6,"39":1,"40":5,"41":1,"42":4,"43":2,"44":1,"45":2,"46":4},"f":{"0":2,"1":13,"2":7,"3":7,"4":1,"5":2,"6":1,"7":2},"b":{"0":[1,1],"1":[1,0],"2":[1,0],"3":[0,1],"4":[0,0],"5":[1,0],"6":[7,6],"7":[1,5],"8":[1,4],"9":[2,2],"10":[2,0],"11":[2,2],"12":[2,2],"13":[1,3],"14":[2,0],"15":[2,0],"16":[4,0,0],"17":[4,4]},"_coverageSchema":"1a1c01bbd47fc00a2c39e90264f33305004495a9","hash":"a82542b46bb284f418e03bce819217249c677586"}
,"/home/duck/food-recipe/frontend/src/services/api.ts": {"path":"/home/duck/food-recipe/frontend/src/services/api.ts","statementMap":{"0":{"start":{"line":3,"column":12},"end":{"line":7,"column":2}},"1":{"start":{"line":10,"column":0},"end":{"line":16,"column":3}},"2":{"start":{"line":11,"column":16},"end":{"line":11,"column":52}},"3":{"start":{"line":12,"column":2},"end":{"line":14,"column":3}},"4":{"start":{"line":13,"column":4},"end":{"line":13,"column":53}},"5":{"start":{"line":15,"column":2},"end":{"line":15,"column":16}},"6":{"start":{"line":19,"column":0},"end":{"line":28,"column":2}},"7":{"start":{"line":20,"column":14},"end":{"line":20,"column":22}},"8":{"start":{"line":22,"column":4},"end":{"line":25,"column":5}},"9":{"start":{"line":23,"column":6},"end":{"line":23,"column":46}},"10":{"start":{"line":24,"column":6},"end":{"line":24,"column":38}},"11":{"start":{"line":26,"column":4},"end":{"line":26,"column":33}}},"fnMap":{"0":{"name":"(anonymous_0)","decl":{"start":{"line":10,"column":29},"end":{"line":10,"column":30}},"loc":{"start":{"line":10,"column":39},"end":{"line":16,"column":1}},"line":10},"1":{"name":"(anonymous_1)","decl":{"start":{"line":20,"column":2},"end":{"line":20,"column":3}},"loc":{"start":{"line":20,"column":14},"end":{"line":20,"column":22}},"line":20},"2":{"name":"(anonymous_2)","decl":{"start":{"line":21,"column":2},"end":{"line":21,"column":3}},"loc":{"start":{"line":21,"column":11},"end":{"line":27,"column":3}},"line":21}},"branchMap":{"0":{"loc":{"start":{"line":12,"column":2},"end":{"line":14,"column":3}},"type":"if","locations":[{"start":{"line":12,"column":2},"end":{"line":14,"column":3}},{"start":{},"end":{}}],"line":12},"1":{"loc":{"start":{"line":22,"column":4},"end":{"line":25,"column":5}},"type":"if","locations":[{"start":{"line":22,"column":4},"end":{"line":25,"column":5}},{"start":{},"end":{}}],"line":22}},"s":{"0":1,"1":1,"2":0,"3":0,"4":0,"5":0,"6":1,"7":0,"8":0,"9":0,"10":0,"11":0},"f":{"0":0,"1":0,"2":0},"b":{"0":[0,0],"1":[0,0]},"_coverageSchema":"1a1c01bbd47fc00a2c39e90264f33305004495a9","hash":"ed7b66964269e7edaf499f73daefae59a8f72eee"}
}
