TN:
SF:src/Pages/Users/User.jsx
FN:10,(anonymous_0)
FN:27,(anonymous_1)
FN:36,(anonymous_2)
FN:37,(anonymous_3)
FN:60,(anonymous_4)
FN:91,(anonymous_5)
FN:95,(anonymous_6)
FN:129,(anonymous_7)
FNF:8
FNH:8
FNDA:2,(anonymous_0)
FNDA:13,(anonymous_1)
FNDA:7,(anonymous_2)
FNDA:7,(anonymous_3)
FNDA:1,(anonymous_4)
FNDA:2,(anonymous_5)
FNDA:1,(anonymous_6)
FNDA:2,(anonymous_7)
DA:10,1
DA:11,2
DA:12,2
DA:13,2
DA:14,2
DA:16,2
DA:17,1
DA:18,1
DA:20,1
DA:21,1
DA:23,0
DA:24,0
DA:27,1
DA:28,13
DA:29,13
DA:30,13
DA:31,13
DA:32,13
DA:33,13
DA:34,13
DA:36,13
DA:37,7
DA:38,7
DA:39,7
DA:41,7
DA:42,7
DA:43,5
DA:45,5
DA:46,5
DA:48,5
DA:49,5
DA:51,1
DA:53,6
DA:57,7
DA:60,13
DA:61,1
DA:64,13
DA:65,7
DA:72,6
DA:73,1
DA:80,5
DA:81,1
DA:84,4
DA:92,2
DA:95,1
DA:130,2
DA:153,4
LF:47
LH:45
BRDA:16,0,0,1
BRDA:16,0,1,1
BRDA:18,1,0,1
BRDA:18,1,1,0
BRDA:20,2,0,1
BRDA:20,2,1,0
BRDA:21,3,0,0
BRDA:21,3,1,1
BRDA:24,4,0,0
BRDA:24,4,1,0
BRDA:51,5,0,1
BRDA:51,5,1,0
BRDA:64,6,0,7
BRDA:64,6,1,6
BRDA:72,7,0,1
BRDA:72,7,1,5
BRDA:80,8,0,1
BRDA:80,8,1,4
BRDA:90,9,0,2
BRDA:90,9,1,2
BRDA:98,10,0,2
BRDA:98,10,1,0
BRDA:107,11,0,2
BRDA:107,11,1,2
BRDA:111,12,0,2
BRDA:111,12,1,2
BRDA:128,13,0,1
BRDA:128,13,1,3
BRDA:135,14,0,2
BRDA:135,14,1,0
BRDA:142,15,0,2
BRDA:142,15,1,0
BRDA:163,16,0,4
BRDA:163,16,1,0
BRDA:163,16,2,0
BRDA:165,17,0,4
BRDA:165,17,1,4
BRF:37
BRH:26
end_of_record
TN:
SF:src/services/api.ts
FN:10,(anonymous_0)
FN:20,(anonymous_1)
FN:21,(anonymous_2)
FNF:3
FNH:0
FNDA:0,(anonymous_0)
FNDA:0,(anonymous_1)
FNDA:0,(anonymous_2)
DA:3,1
DA:10,1
DA:11,0
DA:12,0
DA:13,0
DA:15,0
DA:19,1
DA:20,0
DA:22,0
DA:23,0
DA:24,0
DA:26,0
LF:12
LH:3
BRDA:12,0,0,0
BRDA:12,0,1,0
BRDA:22,1,0,0
BRDA:22,1,1,0
BRF:4
BRH:0
end_of_record
